{"C:\\Users\\bastiena\\projets\\react\\Goldshire\\app\\features\\Auctions\\Table\\AuctionTableBody.tsx": {"path":"C:\\Users\\bastiena\\projets\\react\\Goldshire\\app\\features\\Auctions\\Table\\AuctionTableBody.tsx","statementMap":{"0":{"start":{"line":11,"column":65},"end":{"line":33,"column":null}},"1":{"start":{"line":14,"column":2},"end":{"line":31,"column":null}},"2":{"start":{"line":17,"column":8},"end":{"line":29,"column":null}}},"fnMap":{"0":{"name":"(anonymous_0)","decl":{"start":{"line":11,"column":65},"end":{"line":11,"column":66}},"loc":{"start":{"line":13,"column":6},"end":{"line":33,"column":null}},"line":13},"1":{"name":"(anonymous_1)","decl":{"start":{"line":16,"column":20},"end":{"line":16,"column":21}},"loc":{"start":{"line":17,"column":8},"end":{"line":29,"column":null}},"line":17}},"branchMap":{},"s":{"0":1,"1":5,"2":8},"f":{"0":5,"1":8},"b":{},"meta":{"lastBranch":0,"lastFunction":2,"lastStatement":3,"seen":{"s:11:65:33:Infinity":0,"f:11:65:11:66":0,"s:14:2:31:Infinity":1,"f:16:20:16:21":1,"s:17:8:29:Infinity":2}}}
,"C:\\Users\\bastiena\\projets\\react\\Goldshire\\app\\features\\Auctions\\Table\\AuctionTableHeader.tsx": {"path":"C:\\Users\\bastiena\\projets\\react\\Goldshire\\app\\features\\Auctions\\Table\\AuctionTableHeader.tsx","statementMap":{"0":{"start":{"line":8,"column":62},"end":{"line":18,"column":null}},"1":{"start":{"line":9,"column":2},"end":{"line":16,"column":null}},"2":{"start":{"line":13,"column":10},"end":{"line":13,"column":null}}},"fnMap":{"0":{"name":"(anonymous_0)","decl":{"start":{"line":8,"column":62},"end":{"line":8,"column":63}},"loc":{"start":{"line":8,"column":79},"end":{"line":18,"column":null}},"line":8},"1":{"name":"(anonymous_1)","decl":{"start":{"line":12,"column":21},"end":{"line":12,"column":22}},"loc":{"start":{"line":13,"column":10},"end":{"line":13,"column":null}},"line":13}},"branchMap":{},"s":{"0":1,"1":5,"2":15},"f":{"0":5,"1":15},"b":{},"meta":{"lastBranch":0,"lastFunction":2,"lastStatement":3,"seen":{"s:8:62:18:Infinity":0,"f:8:62:8:63":0,"s:9:2:16:Infinity":1,"f:12:21:12:22":1,"s:13:10:13:Infinity":2}}}
,"C:\\Users\\bastiena\\projets\\react\\Goldshire\\app\\features\\Deal\\DealCardFooter.tsx": {"path":"C:\\Users\\bastiena\\projets\\react\\Goldshire\\app\\features\\Deal\\DealCardFooter.tsx","statementMap":{"0":{"start":{"line":9,"column":54},"end":{"line":17,"column":null}},"1":{"start":{"line":10,"column":2},"end":{"line":15,"column":null}}},"fnMap":{"0":{"name":"(anonymous_0)","decl":{"start":{"line":9,"column":54},"end":{"line":9,"column":55}},"loc":{"start":{"line":9,"column":74},"end":{"line":17,"column":null}},"line":9}},"branchMap":{"0":{"loc":{"start":{"line":12,"column":23},"end":{"line":12,"column":59}},"type":"cond-expr","locations":[{"start":{"line":12,"column":36},"end":{"line":12,"column":48}},{"start":{"line":12,"column":48},"end":{"line":12,"column":59}}],"line":12}},"s":{"0":1,"1":4},"f":{"0":4},"b":{"0":[3,1]},"meta":{"lastBranch":1,"lastFunction":1,"lastStatement":2,"seen":{"s:9:54:17:Infinity":0,"f:9:54:9:55":0,"s:10:2:15:Infinity":1,"b:12:36:12:48:12:48:12:59":0}}}
,"C:\\Users\\bastiena\\projets\\react\\Goldshire\\app\\features\\Deal\\DealCardHeader.tsx": {"path":"C:\\Users\\bastiena\\projets\\react\\Goldshire\\app\\features\\Deal\\DealCardHeader.tsx","statementMap":{"0":{"start":{"line":18,"column":54},"end":{"line":74,"column":null}},"1":{"start":{"line":29,"column":18},"end":{"line":29,"column":null}},"2":{"start":{"line":30,"column":4},"end":{"line":30,"column":null}},"3":{"start":{"line":30,"column":20},"end":{"line":30,"column":null}},"4":{"start":{"line":31,"column":4},"end":{"line":33,"column":null}},"5":{"start":{"line":36,"column":2},"end":{"line":72,"column":null}}},"fnMap":{"0":{"name":"(anonymous_0)","decl":{"start":{"line":18,"column":54},"end":{"line":18,"column":55}},"loc":{"start":{"line":27,"column":6},"end":{"line":74,"column":null}},"line":27},"1":{"name":"getProfitRate","decl":{"start":{"line":28,"column":11},"end":{"line":28,"column":25}},"loc":{"start":{"line":28,"column":45},"end":{"line":34,"column":null}},"line":28}},"branchMap":{"0":{"loc":{"start":{"line":30,"column":4},"end":{"line":30,"column":null}},"type":"if","locations":[{"start":{"line":30,"column":4},"end":{"line":30,"column":null}},{"start":{},"end":{}}],"line":30},"1":{"loc":{"start":{"line":48,"column":10},"end":{"line":48,"column":null}},"type":"cond-expr","locations":[{"start":{"line":48,"column":23},"end":{"line":48,"column":42}},{"start":{"line":48,"column":42},"end":{"line":48,"column":null}}],"line":48},"2":{"loc":{"start":{"line":58,"column":14},"end":{"line":58,"column":null}},"type":"cond-expr","locations":[{"start":{"line":58,"column":27},"end":{"line":58,"column":46}},{"start":{"line":58,"column":46},"end":{"line":58,"column":null}}],"line":58}},"s":{"0":1,"1":8,"2":8,"3":2,"4":6,"5":8},"f":{"0":8,"1":8},"b":{"0":[2,6],"1":[7,1],"2":[7,1]},"meta":{"lastBranch":3,"lastFunction":2,"lastStatement":6,"seen":{"s:18:54:74:Infinity":0,"f:18:54:18:55":0,"f:28:11:28:25":1,"s:29:18:29:Infinity":1,"b:30:4:30:Infinity:undefined:undefined:undefined:undefined":0,"s:30:4:30:Infinity":2,"s:30:20:30:Infinity":3,"s:31:4:33:Infinity":4,"s:36:2:72:Infinity":5,"b:48:23:48:42:48:42:48:Infinity":1,"b:58:27:58:46:58:46:58:Infinity":2}}}
,"C:\\Users\\bastiena\\projets\\react\\Goldshire\\app\\features\\Gold\\Gold.tsx": {"path":"C:\\Users\\bastiena\\projets\\react\\Goldshire\\app\\features\\Gold\\Gold.tsx","statementMap":{"0":{"start":{"line":7,"column":41},"end":{"line":18,"column":null}},"1":{"start":{"line":8,"column":31},"end":{"line":8,"column":null}},"2":{"start":{"line":9,"column":2},"end":{"line":16,"column":null}}},"fnMap":{"0":{"name":"(anonymous_0)","decl":{"start":{"line":7,"column":41},"end":{"line":7,"column":42}},"loc":{"start":{"line":7,"column":56},"end":{"line":18,"column":null}},"line":7}},"branchMap":{"0":{"loc":{"start":{"line":11,"column":7},"end":{"line":11,"column":null}},"type":"binary-expr","locations":[{"start":{"line":11,"column":7},"end":{"line":11,"column":19}},{"start":{"line":11,"column":19},"end":{"line":11,"column":null}}],"line":11},"1":{"loc":{"start":{"line":12,"column":7},"end":{"line":13,"column":null}},"type":"binary-expr","locations":[{"start":{"line":12,"column":7},"end":{"line":12,"column":null}},{"start":{"line":13,"column":8},"end":{"line":13,"column":null}}],"line":12}},"s":{"0":1,"1":5,"2":5},"f":{"0":5},"b":{"0":[5,3],"1":[5,3]},"meta":{"lastBranch":2,"lastFunction":1,"lastStatement":3,"seen":{"s:7:41:18:Infinity":0,"f:7:41:7:42":0,"s:8:31:8:Infinity":1,"s:9:2:16:Infinity":2,"b:11:7:11:19:11:19:11:Infinity":0,"b:12:7:12:Infinity:13:8:13:Infinity":1}}}
,"C:\\Users\\bastiena\\projets\\react\\Goldshire\\app\\features\\Icons\\BlizzardIcon.tsx": {"path":"C:\\Users\\bastiena\\projets\\react\\Goldshire\\app\\features\\Icons\\BlizzardIcon.tsx","statementMap":{"0":{"start":{"line":9,"column":57},"end":{"line":30,"column":null}},"1":{"start":{"line":10,"column":26},"end":{"line":16,"column":null}},"2":{"start":{"line":13,"column":23},"end":{"line":13,"column":null}},"3":{"start":{"line":14,"column":6},"end":{"line":14,"column":null}},"4":{"start":{"line":18,"column":2},"end":{"line":28,"column":null}}},"fnMap":{"0":{"name":"(anonymous_0)","decl":{"start":{"line":9,"column":57},"end":{"line":9,"column":58}},"loc":{"start":{"line":9,"column":75},"end":{"line":30,"column":null}},"line":9},"1":{"name":"(anonymous_1)","decl":{"start":{"line":12,"column":13},"end":{"line":12,"column":25}},"loc":{"start":{"line":12,"column":25},"end":{"line":15,"column":null}},"line":12}},"branchMap":{"0":{"loc":{"start":{"line":24,"column":13},"end":{"line":24,"column":null}},"type":"binary-expr","locations":[{"start":{"line":24,"column":13},"end":{"line":24,"column":21}},{"start":{"line":24,"column":21},"end":{"line":24,"column":null}}],"line":24}},"s":{"0":1,"1":5,"2":0,"3":0,"4":5},"f":{"0":5,"1":0},"b":{"0":[5,2]},"meta":{"lastBranch":1,"lastFunction":2,"lastStatement":5,"seen":{"s:9:57:30:Infinity":0,"f:9:57:9:58":0,"s:10:26:16:Infinity":1,"f:12:13:12:25":1,"s:13:23:13:Infinity":2,"s:14:6:14:Infinity":3,"s:18:2:28:Infinity":4,"b:24:13:24:21:24:21:24:Infinity":0}}}
,"C:\\Users\\bastiena\\projets\\react\\Goldshire\\app\\features\\Realm\\RealmSelect.tsx": {"path":"C:\\Users\\bastiena\\projets\\react\\Goldshire\\app\\features\\Realm\\RealmSelect.tsx","statementMap":{"0":{"start":{"line":19,"column":20},"end":{"line":52,"column":null}},"1":{"start":{"line":20,"column":2},"end":{"line":50,"column":null}},"2":{"start":{"line":43,"column":14},"end":{"line":45,"column":null}}},"fnMap":{"0":{"name":"(anonymous_0)","decl":{"start":{"line":19,"column":20},"end":{"line":19,"column":21}},"loc":{"start":{"line":19,"column":64},"end":{"line":52,"column":null}},"line":19},"1":{"name":"(anonymous_1)","decl":{"start":{"line":42,"column":23},"end":{"line":42,"column":24}},"loc":{"start":{"line":43,"column":14},"end":{"line":45,"column":null}},"line":43}},"branchMap":{"0":{"loc":{"start":{"line":25,"column":12},"end":{"line":27,"column":null}},"type":"cond-expr","locations":[{"start":{"line":26,"column":16},"end":{"line":26,"column":null}},{"start":{"line":27,"column":16},"end":{"line":27,"column":null}}],"line":25},"1":{"loc":{"start":{"line":25,"column":12},"end":{"line":25,"column":null}},"type":"binary-expr","locations":[{"start":{"line":25,"column":12},"end":{"line":25,"column":33}},{"start":{"line":25,"column":33},"end":{"line":25,"column":null}}],"line":25},"2":{"loc":{"start":{"line":34,"column":13},"end":{"line":34,"column":null}},"type":"cond-expr","locations":[{"start":{"line":34,"column":25},"end":{"line":34,"column":47}},{"start":{"line":34,"column":47},"end":{"line":34,"column":null}}],"line":34},"3":{"loc":{"start":{"line":37,"column":11},"end":{"line":46,"column":null}},"type":"cond-expr","locations":[{"start":{"line":38,"column":12},"end":{"line":40,"column":null}},{"start":{"line":42,"column":12},"end":{"line":46,"column":null}}],"line":37}},"s":{"0":1,"1":5,"2":4},"f":{"0":5,"1":4},"b":{"0":[3,2],"1":[5,3],"2":[1,4],"3":[1,4]},"meta":{"lastBranch":4,"lastFunction":2,"lastStatement":3,"seen":{"s:19:20:52:Infinity":0,"f:19:20:19:21":0,"s:20:2:50:Infinity":1,"b:26:16:26:Infinity:27:16:27:Infinity":0,"b:25:12:25:33:25:33:25:Infinity":1,"b:34:25:34:47:34:47:34:Infinity":2,"b:38:12:40:Infinity:42:12:46:Infinity":3,"f:42:23:42:24":1,"s:43:14:45:Infinity":2}}}
,"C:\\Users\\bastiena\\projets\\react\\Goldshire\\app\\features\\SideBar\\app-sidebar.tsx": {"path":"C:\\Users\\bastiena\\projets\\react\\Goldshire\\app\\features\\SideBar\\app-sidebar.tsx","statementMap":{"0":{"start":{"line":15,"column":2},"end":{"line":20,"column":null}},"1":{"start":{"line":24,"column":25},"end":{"line":36,"column":null}},"2":{"start":{"line":25,"column":2},"end":{"line":34,"column":null}},"3":{"start":{"line":37,"column":26},"end":{"line":73,"column":null}},"4":{"start":{"line":38,"column":20},"end":{"line":55,"column":null}},"5":{"start":{"line":56,"column":2},"end":{"line":71,"column":null}},"6":{"start":{"line":62,"column":8},"end":{"line":69,"column":null}},"7":{"start":{"line":74,"column":25},"end":{"line":84,"column":null}},"8":{"start":{"line":75,"column":2},"end":{"line":82,"column":null}}},"fnMap":{"0":{"name":"AppSidebar","decl":{"start":{"line":14,"column":16},"end":{"line":14,"column":29}},"loc":{"start":{"line":14,"column":29},"end":{"line":22,"column":null}},"line":14},"1":{"name":"(anonymous_1)","decl":{"start":{"line":24,"column":25},"end":{"line":24,"column":31}},"loc":{"start":{"line":24,"column":31},"end":{"line":36,"column":null}},"line":24},"2":{"name":"(anonymous_2)","decl":{"start":{"line":37,"column":26},"end":{"line":37,"column":32}},"loc":{"start":{"line":37,"column":32},"end":{"line":73,"column":null}},"line":37},"3":{"name":"(anonymous_3)","decl":{"start":{"line":61,"column":21},"end":{"line":61,"column":22}},"loc":{"start":{"line":62,"column":8},"end":{"line":69,"column":null}},"line":62},"4":{"name":"(anonymous_4)","decl":{"start":{"line":74,"column":25},"end":{"line":74,"column":31}},"loc":{"start":{"line":74,"column":31},"end":{"line":84,"column":null}},"line":74}},"branchMap":{},"s":{"0":5,"1":1,"2":5,"3":1,"4":5,"5":5,"6":15,"7":1,"8":5},"f":{"0":5,"1":5,"2":5,"3":15,"4":5},"b":{},"meta":{"lastBranch":0,"lastFunction":5,"lastStatement":9,"seen":{"f:14:16:14:29":0,"s:15:2:20:Infinity":0,"s:24:25:36:Infinity":1,"f:24:25:24:31":1,"s:25:2:34:Infinity":2,"s:37:26:73:Infinity":3,"f:37:26:37:32":2,"s:38:20:55:Infinity":4,"s:56:2:71:Infinity":5,"f:61:21:61:22":3,"s:62:8:69:Infinity":6,"s:74:25:84:Infinity":7,"f:74:25:74:31":4,"s:75:2:82:Infinity":8}}}
,"C:\\Users\\bastiena\\projets\\react\\Goldshire\\app\\routes\\auctions.tsx": {"path":"C:\\Users\\bastiena\\projets\\react\\Goldshire\\app\\routes\\auctions.tsx","statementMap":{"0":{"start":{"line":8,"column":26},"end":{"line":8,"column":null}},"1":{"start":{"line":10,"column":2},"end":{"line":16,"column":null}},"2":{"start":{"line":11,"column":4},"end":{"line":14,"column":null}},"3":{"start":{"line":18,"column":2},"end":{"line":20,"column":null}},"4":{"start":{"line":19,"column":4},"end":{"line":19,"column":null}},"5":{"start":{"line":22,"column":2},"end":{"line":28,"column":null}},"6":{"start":{"line":32,"column":0},"end":{"line":32,"column":null}}},"fnMap":{"0":{"name":"Auctions","decl":{"start":{"line":7,"column":24},"end":{"line":7,"column":35}},"loc":{"start":{"line":7,"column":35},"end":{"line":30,"column":null}},"line":7}},"branchMap":{"0":{"loc":{"start":{"line":10,"column":2},"end":{"line":16,"column":null}},"type":"if","locations":[{"start":{"line":10,"column":2},"end":{"line":16,"column":null}},{"start":{},"end":{}}],"line":10},"1":{"loc":{"start":{"line":18,"column":2},"end":{"line":20,"column":null}},"type":"if","locations":[{"start":{"line":18,"column":2},"end":{"line":20,"column":null}},{"start":{},"end":{}}],"line":18},"2":{"loc":{"start":{"line":18,"column":6},"end":{"line":18,"column":34}},"type":"binary-expr","locations":[{"start":{"line":18,"column":6},"end":{"line":18,"column":15}},{"start":{"line":18,"column":15},"end":{"line":18,"column":34}}],"line":18}},"s":{"0":3,"1":3,"2":1,"3":2,"4":1,"5":1,"6":1},"f":{"0":3},"b":{"0":[1,2],"1":[1,1],"2":[2,2]},"meta":{"lastBranch":3,"lastFunction":1,"lastStatement":7,"seen":{"f:7:24:7:35":0,"s:8:26:8:Infinity":0,"b:10:2:16:Infinity:undefined:undefined:undefined:undefined":0,"s:10:2:16:Infinity":1,"s:11:4:14:Infinity":2,"b:18:2:20:Infinity:undefined:undefined:undefined:undefined":1,"s:18:2:20:Infinity":3,"b:18:6:18:15:18:15:18:34":2,"s:19:4:19:Infinity":4,"s:22:2:28:Infinity":5,"s:32:0:32:Infinity":6}}}
,"C:\\Users\\bastiena\\projets\\react\\Goldshire\\app\\routes\\home.tsx": {"path":"C:\\Users\\bastiena\\projets\\react\\Goldshire\\app\\routes\\home.tsx","statementMap":{"0":{"start":{"line":5,"column":26},"end":{"line":5,"column":null}},"1":{"start":{"line":7,"column":2},"end":{"line":9,"column":null}},"2":{"start":{"line":8,"column":4},"end":{"line":8,"column":null}},"3":{"start":{"line":11,"column":2},"end":{"line":23,"column":null}},"4":{"start":{"line":16,"column":27},"end":{"line":16,"column":54}},"5":{"start":{"line":18,"column":12},"end":{"line":20,"column":null}},"6":{"start":{"line":26,"column":0},"end":{"line":26,"column":null}}},"fnMap":{"0":{"name":"Home","decl":{"start":{"line":4,"column":24},"end":{"line":4,"column":31}},"loc":{"start":{"line":4,"column":31},"end":{"line":25,"column":null}},"line":4},"1":{"name":"(anonymous_1)","decl":{"start":{"line":16,"column":17},"end":{"line":16,"column":18}},"loc":{"start":{"line":16,"column":27},"end":{"line":16,"column":54}},"line":16},"2":{"name":"(anonymous_2)","decl":{"start":{"line":17,"column":15},"end":{"line":17,"column":16}},"loc":{"start":{"line":18,"column":12},"end":{"line":20,"column":null}},"line":18}},"branchMap":{"0":{"loc":{"start":{"line":7,"column":2},"end":{"line":9,"column":null}},"type":"if","locations":[{"start":{"line":7,"column":2},"end":{"line":9,"column":null}},{"start":{},"end":{}}],"line":7}},"s":{"0":3,"1":3,"2":1,"3":2,"4":1,"5":2,"6":1},"f":{"0":3,"1":1,"2":2},"b":{"0":[1,2]},"meta":{"lastBranch":1,"lastFunction":3,"lastStatement":7,"seen":{"f:4:24:4:31":0,"s:5:26:5:Infinity":0,"b:7:2:9:Infinity:undefined:undefined:undefined:undefined":0,"s:7:2:9:Infinity":1,"s:8:4:8:Infinity":2,"s:11:2:23:Infinity":3,"f:16:17:16:18":1,"s:16:27:16:54":4,"f:17:15:17:16":2,"s:18:12:20:Infinity":5,"s:26:0:26:Infinity":6}}}
}
